<?xml version="1.0" encoding="UTF-8"?>
<testng-results skipped="0" failed="0" total="1" passed="1">
  <reporter-output>
    <line>
      <![CDATA[Assertion Passed]]>
    </line>
  </reporter-output>
  <suite name="Sample" duration-ms="17904" started-at="2016-01-07T11:45:02Z" finished-at="2016-01-07T11:45:20Z">
    <groups>
    </groups>
    <test name="FF Test" duration-ms="17904" started-at="2016-01-07T11:45:02Z" finished-at="2016-01-07T11:45:20Z">
      <class name="com.test.Driverscript">
        <test-method status="PASS" signature="setup()[pri:0, instance:com.test.Driverscript@1fbc7afb]" name="setup" is-config="true" duration-ms="0" started-at="2016-01-07T17:15:02Z" finished-at="2016-01-07T17:15:02Z">
          <reporter-output>
          </reporter-output>
        </test-method> <!-- setup -->
        <test-method status="PASS" signature="init(java.lang.reflect.Method, java.lang.String)[pri:0, instance:com.test.Driverscript@1fbc7afb]" name="init" is-config="true" duration-ms="9841" started-at="2016-01-07T17:15:02Z" finished-at="2016-01-07T17:15:12Z">
          <params>
            <param index="0">
              <value>
                <![CDATA[public void com.test.Driverscript.sampleTest() throws java.lang.Exception]]>
              </value>
            </param>
            <param index="1">
              <value>
                <![CDATA[FF]]>
              </value>
            </param>
          </params>
          <reporter-output>
          </reporter-output>
        </test-method> <!-- init -->
        <test-method status="PASS" signature="sampleTest()[pri:0, instance:com.test.Driverscript@1fbc7afb]" name="sampleTest" duration-ms="7077" started-at="2016-01-07T17:15:12Z" finished-at="2016-01-07T17:15:19Z">
          <reporter-output>
            <line>
              <![CDATA[Assertion Passed]]>
            </line>
          </reporter-output>
        </test-method> <!-- sampleTest -->
        <test-method status="PASS" signature="tearDown(java.lang.reflect.Method)[pri:0, instance:com.test.Driverscript@1fbc7afb]" name="tearDown" is-config="true" duration-ms="33" started-at="2016-01-07T17:15:19Z" finished-at="2016-01-07T17:15:19Z">
          <params>
            <param index="0">
              <value>
                <![CDATA[public void com.test.Driverscript.sampleTest() throws java.lang.Exception]]>
              </value>
            </param>
          </params>
          <reporter-output>
          </reporter-output>
        </test-method> <!-- tearDown -->
        <test-method status="PASS" signature="completeReporting()[pri:0, instance:com.test.Driverscript@1fbc7afb]" name="completeReporting" is-config="true" duration-ms="62" started-at="2016-01-07T17:15:19Z" finished-at="2016-01-07T17:15:19Z">
          <reporter-output>
          </reporter-output>
        </test-method> <!-- completeReporting -->
        <test-method status="PASS" signature="finish()[pri:0, instance:com.test.Driverscript@1fbc7afb]" name="finish" is-config="true" duration-ms="845" started-at="2016-01-07T17:15:19Z" finished-at="2016-01-07T17:15:20Z">
          <reporter-output>
          </reporter-output>
        </test-method> <!-- finish -->
      </class> <!-- com.test.Driverscript -->
    </test> <!-- FF Test -->
  </suite> <!-- Sample -->
</testng-results>
